[Jun-04-2023 10:15:46]info	 SingleQuickNotes ™
[Jun-04-2023 10:49:52]info	listando todas las tareas
[Jun-04-2023 10:55:43]info	listando todas las tareas
[Jun-04-2023 10:56:42]info	Tarea creada correctamente
[Jun-04-2023 10:58:49]info	Tarea leida correctamente
[Jun-04-2023 10:59:51]info	Tarea actualizada correctamente
[Jun-04-2023 11:04:36]info	 SingleQuickNotes ™
[Jun-04-2023 11:04:39]info	listando todas las tareas
[Jun-04-2023 11:05:48]info	Tarea leida correctamente
[Jun-04-2023 11:07:02]info	Tarea leida correctamente
[Jun-04-2023 11:08:35]info	listando todas las tareas
[Jun-04-2023 12:06:38]info	 SingleQuickNotes ™
[Jun-04-2023 12:06:44]info	listando todas las tareas
[Jun-04-2023 12:06:59]info	listando todas las tareas
[Jun-04-2023 12:07:36]info	 SingleQuickNotes ™
[Jun-04-2023 12:07:56]info	listando todas las tareas
[Jun-04-2023 12:08:51]info	 SingleQuickNotes ™
[Jun-04-2023 12:09:00]info	listando todas las tareas
[Jun-04-2023 12:09:05]info	listando todas las tareas
[Jun-04-2023 12:09:19]info	 SingleQuickNotes ™
[Jun-04-2023 12:12:57]info	 SingleQuickNotes ™
[Jun-04-2023 12:13:04]info	listando todas las tareas
[Jun-04-2023 12:13:40]info	Tarea creada correctamente
[Jun-04-2023 12:13:40]info	listando todas las tareas
[Jun-04-2023 12:13:43]info	Tarea leida correctamente
[Jun-04-2023 12:13:51]info	Tarea actualizada correctamente
[Jun-04-2023 12:13:51]info	listando todas las tareas
[Jun-04-2023 12:13:54]info	 Tarea eliminada correctamente
[Jun-04-2023 12:13:54]info	listando todas las tareas
[Jun-04-2023 12:13:55]info	 Tarea eliminada correctamente
[Jun-04-2023 12:13:55]info	listando todas las tareas
[Jun-04-2023 12:13:57]info	 Tarea eliminada correctamente
[Jun-04-2023 12:13:57]info	listando todas las tareas
[Jun-04-2023 12:13:58]info	 Tarea eliminada correctamente
[Jun-04-2023 12:13:58]info	listando todas las tareas
[Jun-04-2023 12:13:59]info	 Tarea eliminada correctamente
[Jun-04-2023 12:14:00]info	listando todas las tareas
[Jun-04-2023 12:14:01]info	Tarea leida correctamente
[Jun-04-2023 12:14:24]info	Tarea actualizada correctamente
[Jun-04-2023 12:14:24]info	listando todas las tareas
[Jun-04-2023 12:14:41]info	Tarea creada correctamente
[Jun-04-2023 12:14:41]info	listando todas las tareas
[Jun-04-2023 12:17:37]info	listando todas las tareas
[Jun-04-2023 12:27:36]info	listando todas las tareas
[Jun-04-2023 12:35:30]info	 SingleQuickNotes ™
[Jun-04-2023 12:36:31]info	 SingleQuickNotes ™
[Jun-04-2023 12:38:47]info	 SingleQuickNotes ™
[Jun-04-2023 12:46:45]info	 SingleQuickNotes ™
[Jun-04-2023 12:48:46]info	 SingleQuickNotes ™
[Jun-04-2023 12:48:55]info	listando todas las tareas
[Jun-04-2023 12:48:57]info	listando todas las tareas
[Jun-04-2023 12:50:24]info	 SingleQuickNotes ™
[Jun-04-2023 12:50:32]info	listando todas las tareas
[Jun-04-2023 12:53:40]info	 SingleQuickNotes ™
[Jun-04-2023 12:53:41]info	listando todas las tareas
[Jun-04-2023 12:56:31]info	listando todas las tareas
[Jun-04-2023 13:04:35]info	Tarea creada correctamente
[Jun-04-2023 13:04:35]info	listando todas las tareas
[Jun-04-2023 13:27:53]info	listando todas las tareas
[Jun-04-2023 17:06:11]info	 SingleQuickNotes ™
[Jun-04-2023 17:06:17]info	listando todas las tareas
[Jun-04-2023 17:14:53]info	Tarea leida correctamente
[Jun-04-2023 17:20:09]info	 SingleQuickNotes ™ 
[Jun-04-2023 17:31:26]info	 SingleQuickNotes ™ 
[Jun-04-2023 17:31:31]info	Tarea leida correctamente
[Jun-04-2023 17:35:18]info	 SingleQuickNotes ™ 
[Jun-04-2023 17:35:29]info	Tarea leida correctamente
[Jun-04-2023 17:38:38]info	 SingleQuickNotes ™ 
[Jun-04-2023 17:38:46]info	Tarea leida correctamente
[Jun-04-2023 17:38:55]info	listando todas las tareas
[Jun-04-2023 17:48:31]info	 Tarea eliminada correctamente
[Jun-04-2023 17:48:31]info	listando todas las tareas
[Jun-04-2023 18:19:23]info	 SingleQuickNotes ™ 
[Jun-04-2023 18:20:56]info	listando todas las tareas
[Jun-04-2023 18:29:45]info	listando todas las tareas
[Jun-04-2023 19:16:55]info	 SingleQuickNotes ™ 
[Jun-04-2023 19:16:56]info	listando todas las tareas
[Jun-04-2023 19:17:06]info	Tarea creada correctamente
[Jun-04-2023 19:17:06]info	listando todas las tareas
[Jun-05-2023 15:51:02]info	 SingleQuickNotes ™ 
[Jun-05-2023 15:51:02]info	listando todas las tareas
[Jun-05-2023 15:51:07]info	Tarea creada correctamente
[Jun-05-2023 15:51:07]info	listando todas las tareas
[Jun-05-2023 15:51:16]info	Tarea creada correctamente
[Jun-05-2023 15:51:16]info	listando todas las tareas
[Jun-05-2023 15:51:35]info	Tarea leida correctamente
[Jun-05-2023 15:51:38]info	Tarea actualizada correctamente
[Jun-05-2023 15:51:38]info	listando todas las tareas
[Jun-05-2023 15:52:01]info	Tarea leida correctamente
[Jun-05-2023 15:52:02]info	Tarea actualizada correctamente
[Jun-05-2023 15:52:02]info	listando todas las tareas
[Jun-05-2023 15:53:58]info	Tarea creada correctamente
[Jun-05-2023 15:53:58]info	listando todas las tareas
[Jun-05-2023 15:54:14]info	Tarea creada correctamente
[Jun-05-2023 15:54:14]info	listando todas las tareas
[Jun-05-2023 15:55:13]info	listando todas las tareas
[Jun-05-2023 15:55:15]info	listando todas las tareas
[Jun-05-2023 15:59:23]info	Tarea creada correctamente
[Jun-05-2023 15:59:23]info	listando todas las tareas
[Jun-05-2023 16:02:36]info	 SingleQuickNotes ™ 
[Jun-05-2023 16:05:50]info	 SingleQuickNotes ™ 
[Jun-05-2023 16:05:52]info	listando todas las tareas
[Jun-05-2023 16:05:56]info	Tarea creada correctamente
[Jun-05-2023 16:05:56]info	listando todas las tareas
[Jun-05-2023 16:06:04]info	Tarea creada correctamente
[Jun-05-2023 16:06:04]info	listando todas las tareas
[Jun-05-2023 16:12:33]info	 SingleQuickNotes ™ 
[Jun-05-2023 16:12:36]info	listando todas las tareas
[Jun-05-2023 16:12:40]info	Tarea creada correctamente
[Jun-05-2023 16:12:40]info	listando todas las tareas
[Jun-05-2023 16:17:05]info	 SingleQuickNotes ™ 
[Jun-05-2023 16:17:13]info	Tarea creada correctamente
[Jun-05-2023 16:17:13]info	listando todas las tareas
[Jun-05-2023 16:21:46]info	 Tarea eliminada correctamente
[Jun-05-2023 16:21:46]info	listando todas las tareas
[Jun-05-2023 16:21:50]info	 Tarea eliminada correctamente
[Jun-05-2023 16:21:50]info	listando todas las tareas
[Jun-05-2023 16:21:51]info	 Tarea eliminada correctamente
[Jun-05-2023 16:21:51]info	listando todas las tareas
[Jun-05-2023 16:21:52]info	 Tarea eliminada correctamente
[Jun-05-2023 16:21:52]info	listando todas las tareas
[Jun-05-2023 16:21:53]info	 Tarea eliminada correctamente
[Jun-05-2023 16:21:53]info	listando todas las tareas
[Jun-05-2023 16:21:53]info	 Tarea eliminada correctamente
[Jun-05-2023 16:21:53]info	listando todas las tareas
[Jun-05-2023 16:21:54]info	 Tarea eliminada correctamente
[Jun-05-2023 16:21:54]info	listando todas las tareas
[Jun-05-2023 16:21:55]info	 Tarea eliminada correctamente
[Jun-05-2023 16:21:55]info	listando todas las tareas
[Jun-05-2023 16:21:56]info	 Tarea eliminada correctamente
[Jun-05-2023 16:21:56]info	listando todas las tareas
[Jun-05-2023 16:21:57]info	 Tarea eliminada correctamente
[Jun-05-2023 16:21:57]info	listando todas las tareas
[Jun-05-2023 17:04:54]info	 SingleQuickNotes ™ 
[Jun-05-2023 17:05:25]info	listando todas las tareas
[Jun-05-2023 17:05:34]info	Tarea creada correctamente
[Jun-05-2023 17:05:35]info	listando todas las tareas
[Jun-05-2023 17:07:20]info	 SingleQuickNotes ™ 
[Jun-05-2023 17:07:28]info	Tarea creada correctamente
[Jun-05-2023 17:07:28]info	listando todas las tareas
[Jun-05-2023 17:08:47]info	 SingleQuickNotes ™ 
[Jun-05-2023 17:08:51]info	listando todas las tareas
[Jun-05-2023 17:08:55]info	Tarea creada correctamente
[Jun-05-2023 17:08:55]info	listando todas las tareas
[Jun-05-2023 17:27:03]info	Tarea creada correctamente
[Jun-05-2023 17:27:03]info	listando todas las tareas
[Jun-05-2023 17:27:07]info	Tarea leida correctamente
[Jun-05-2023 17:27:10]info	Tarea actualizada correctamente
[Jun-05-2023 17:27:10]info	listando todas las tareas
[Jun-05-2023 17:33:33]info	Tarea creada correctamente
[Jun-05-2023 17:33:33]info	listando todas las tareas
[Jun-05-2023 17:33:45]info	Tarea creada correctamente
[Jun-05-2023 17:33:45]info	listando todas las tareas
[Jun-05-2023 17:35:35]info	 Tarea eliminada correctamente
[Jun-05-2023 17:35:35]info	listando todas las tareas
[Jun-05-2023 17:35:36]info	 Tarea eliminada correctamente
[Jun-05-2023 17:35:36]info	listando todas las tareas
[Jun-05-2023 17:35:37]info	 Tarea eliminada correctamente
[Jun-05-2023 17:35:37]info	listando todas las tareas
[Jun-05-2023 17:35:38]info	 Tarea eliminada correctamente
[Jun-05-2023 17:35:38]info	listando todas las tareas
[Jun-05-2023 17:35:39]info	 Tarea eliminada correctamente
[Jun-05-2023 17:35:39]info	listando todas las tareas
[Jun-05-2023 17:35:40]info	 Tarea eliminada correctamente
[Jun-05-2023 17:35:40]info	listando todas las tareas
[Jun-05-2023 17:35:41]info	 Tarea eliminada correctamente
[Jun-05-2023 17:35:41]info	listando todas las tareas
[Jun-05-2023 18:00:18]info	 SingleQuickNotes ™ 
[Jun-05-2023 19:28:53]info	 SingleQuickNotes ™ 
[Jun-05-2023 19:29:03]info	listando todas las tareas
[Jun-05-2023 19:29:23]info	listando todas las tareas
[Jun-05-2023 19:30:49]info	 SingleQuickNotes ™ 
[Jun-05-2023 19:35:37]info	 SingleQuickNotes ™ 
[Jun-05-2023 19:36:19]info	Tarea creada correctamente
[Jun-05-2023 19:36:19]info	listando todas las tareas
[Jun-05-2023 19:37:53]info	listando todas las tareas
[Jun-05-2023 19:38:01]info	Tarea creada correctamente
[Jun-05-2023 19:38:01]info	listando todas las tareas
[Jun-05-2023 19:42:46]info	 SingleQuickNotes ™ 
[Jun-05-2023 19:46:33]info	 SingleQuickNotes ™ 
[Jun-05-2023 19:48:58]info	 SingleQuickNotes ™ 
[Jun-05-2023 19:49:06]info	listando todas las tareas
[Jun-05-2023 19:49:32]info	Tarea creada correctamente
[Jun-05-2023 19:49:32]info	listando todas las tareas
[Jun-05-2023 19:49:35]info	Tarea leida correctamente
[Jun-05-2023 19:49:41]info	Tarea actualizada correctamente
[Jun-05-2023 19:49:42]info	listando todas las tareas
[Jun-05-2023 19:49:46]info	Tarea leida correctamente
[Jun-05-2023 19:49:55]info	Tarea actualizada correctamente
[Jun-05-2023 19:49:55]info	listando todas las tareas
[Jun-05-2023 20:34:02]info	listando todas las tareas
[Jun-05-2023 20:51:33]info	 SingleQuickNotes ™ 
[Jun-06-2023 15:35:30]info	 SingleQuickNotes ™ 
[Jun-06-2023 16:01:53]info	 SingleQuickNotes ™ 
[Jun-06-2023 16:03:41]info	 SingleQuickNotes ™ 
[Jun-06-2023 16:05:41]info	 SingleQuickNotes ™ 
[Jun-06-2023 16:05:46]info	listando todas las tareas
[Jun-06-2023 16:05:50]info	listando todas las tareas
[Jun-06-2023 16:26:09]info	 SingleQuickNotes ™ 
[Jun-06-2023 16:26:15]info	listando todas las tareas
[Jun-06-2023 16:29:44]info	listando todas las tareas
[Jun-06-2023 16:29:59]info	 Tarea eliminada correctamente
[Jun-06-2023 16:29:59]info	listando todas las tareas
[Jun-06-2023 16:30:00]info	 Tarea eliminada correctamente
[Jun-06-2023 16:30:00]info	listando todas las tareas
[Jun-06-2023 16:30:00]info	 Tarea eliminada correctamente
[Jun-06-2023 16:30:00]info	listando todas las tareas
[Jun-06-2023 16:30:02]info	 Tarea eliminada correctamente
[Jun-06-2023 16:30:02]info	listando todas las tareas
[Jun-06-2023 17:20:15]info	listando todas las tareas
[Jun-07-2023 17:24:06]info	 SingleQuickNotes ™ 
[Jun-07-2023 17:25:30]info	listando todas las tareas
[Jun-07-2023 17:26:48]info	Tarea creada correctamente
[Jun-07-2023 17:26:48]info	listando todas las tareas
[Jun-07-2023 17:45:54]info	 SingleQuickNotes ™ 
[Jun-07-2023 17:45:58]info	listando todas las tareas
[Jun-07-2023 17:54:17]info	 SingleQuickNotes ™ 
[Jun-07-2023 17:54:20]info	listando todas las tareas
[Jun-07-2023 18:01:54]info	listando todas las tareas
[Jun-07-2023 18:07:53]info	 SingleQuickNotes ™ 
[Jun-07-2023 18:13:03]info	 SingleQuickNotes ™ 
[Jun-07-2023 18:13:09]info	listando todas las tareas
[Jun-07-2023 18:19:42]info	 SingleQuickNotes ™ 
[Jun-07-2023 18:19:48]info	listando todas las tareas
[Jun-07-2023 18:19:51]info	listando todas las tareas
[Jun-07-2023 18:19:52]info	listando todas las tareas
[Jun-07-2023 18:19:53]info	listando todas las tareas
[Jun-07-2023 18:19:55]info	listando todas las tareas
[Jun-07-2023 19:39:50]info	 SingleQuickNotes ™ 
[Jun-07-2023 19:39:54]info	listando todas las tareas
[Jun-07-2023 19:54:00]info	 SingleQuickNotes ™ 
[Jun-07-2023 19:55:44]info	listando todas las tareas
[Jun-07-2023 19:56:06]info	listando todas las tareas
[Jun-07-2023 19:58:46]info	 SingleQuickNotes ™ 
[Jun-07-2023 19:58:52]info	listando todas las tareas
[Jun-07-2023 20:00:57]info	 SingleQuickNotes ™ 
[Jun-07-2023 20:01:00]info	listando todas las tareas
[Jun-07-2023 20:01:57]info	listando todas las tareas
[Jun-08-2023 12:39:47]info	 SingleQuickNotes ™ 
[Jun-08-2023 12:41:19]info	listando todas las tareas
[Jun-08-2023 12:41:32]info	listando todas las tareas
[Jun-10-2023 16:26:35]info	 SingleQuickNotes ™ 
[Jun-10-2023 16:26:48]info	listando todas las tareas
[Jun-10-2023 16:50:00]info	listando todas las tareas
[Jun-11-2023 07:54:58]info	 SingleQuickNotes ™ 
[Jun-11-2023 07:55:23]info	listando todas las tareas
[Jun-11-2023 09:17:22]info	 SingleQuickNotes ™ 
[Jun-11-2023 09:18:05]info	 SingleQuickNotes ™ 
[Jun-11-2023 09:21:00]info	 SingleQuickNotes ™ 
[Jun-11-2023 09:23:05]info	 SingleQuickNotes ™ 
[Jun-11-2023 09:26:07]info	 SingleQuickNotes ™ 
[Jun-11-2023 09:28:50]info	 SingleQuickNotes ™ 
[Jun-11-2023 09:36:10]info	 SingleQuickNotes ™ 
[Jun-11-2023 09:37:26]info	 SingleQuickNotes ™ 
[Jun-11-2023 09:37:38]info	listando todas las tareas
[Jun-11-2023 09:37:43]info	listando todas las tareas
[Jun-11-2023 09:38:02]info	listando todas las tareas
[Jun-11-2023 09:38:08]info	Tarea creada correctamente
[Jun-11-2023 09:38:08]info	listando todas las tareas
[Jun-11-2023 09:38:11]info	listando todas las tareas
[Jun-11-2023 09:38:12]info	listando todas las tareas
[Jun-11-2023 11:45:22]info	 SingleQuickNotes ™ 
[Jun-11-2023 11:47:00]info	 SingleQuickNotes ™ 
[Jun-11-2023 11:47:10]info	listando todas las tareas
[Jun-11-2023 11:47:55]info	Tarea leida correctamente
[Jun-11-2023 11:49:21]info	Tarea actualizada correctamente
[Jun-11-2023 11:49:22]info	Tarea creada correctamente
[Jun-11-2023 11:49:22]info	listando todas las tareas
[Jun-11-2023 11:49:22]info	listando todas las tareas
[Jun-11-2023 11:49:22]info	listando todas las tareas
[Jun-11-2023 11:49:22]info	listando todas las tareas
[Jun-11-2023 11:49:34]info	Tarea creada correctamente
[Jun-11-2023 11:49:34]info	listando todas las tareas
[Jun-11-2023 11:51:24]info	 SingleQuickNotes ™ 
[Jun-11-2023 11:52:42]info	 SingleQuickNotes ™ 
[Jun-11-2023 11:53:15]info	 SingleQuickNotes ™ 
[Jun-11-2023 11:53:37]info	 SingleQuickNotes ™ 
[Jun-11-2023 11:54:48]info	 SingleQuickNotes ™ 
[Jun-11-2023 11:55:20]info	listando todas las tareas
[Jun-11-2023 11:55:23]info	 Tarea eliminada correctamente
[Jun-11-2023 11:55:23]info	listando todas las tareas
[Jun-11-2023 11:55:24]info	Tarea leida correctamente
[Jun-11-2023 11:55:38]info	Tarea actualizada correctamente
[Jun-11-2023 11:55:38]info	listando todas las tareas
[Jun-11-2023 11:56:22]info	listando todas las tareas
[Jun-11-2023 12:01:33]info	 SingleQuickNotes ™ 
[Jun-11-2023 12:04:44]info	 SingleQuickNotes ™ 
[Jun-11-2023 12:04:50]info	listando todas las tareas
[Jun-11-2023 12:04:58]info	Tarea creada correctamente
[Jun-11-2023 12:04:59]info	listando todas las tareas
[Jun-11-2023 12:23:13]info	 SingleQuickNotes ™ 
[Jun-11-2023 13:21:32]info	 SingleQuickNotes ™ 
[Jun-11-2023 13:25:08]info	 SingleQuickNotes ™ 
[Jun-11-2023 15:08:20]info	 SingleQuickNotes ™ 
[Jun-11-2023 15:11:06]info	 SingleQuickNotes ™ 
[Jun-11-2023 15:14:06]info	 SingleQuickNotes ™ 
[Jun-11-2023 15:14:11]info	listando todas las tareas
[Jun-11-2023 15:23:39]info	 SingleQuickNotes ™ 
[Jun-11-2023 15:40:56]info	 SingleQuickNotes ™ 
[Jun-11-2023 15:43:18]info	 SingleQuickNotes ™ 
[Jun-11-2023 15:49:00]info	 SingleQuickNotes ™ 
[Jun-11-2023 15:49:04]info	listando todas las tareas
[Jun-11-2023 15:57:10]info	listando todas las tareas
[Jun-11-2023 17:29:48]info	 SingleQuickNotes ™ 
[Jun-11-2023 17:31:44]info	 SingleQuickNotes ™ 
[Jun-11-2023 17:36:35]info	 SingleQuickNotes ™ 
[Jun-11-2023 17:36:43]info	listando todas las tareas
[Jun-11-2023 17:36:44]info	listando todas las tareas
[Jun-11-2023 18:41:45]info	 SingleQuickNotes ™ 
[Jun-11-2023 18:42:02]info	Tarea creada correctamente
[Jun-11-2023 18:42:02]info	listando todas las tareas
[Jun-11-2023 18:42:05]info	 Tarea eliminada correctamente
[Jun-11-2023 18:42:05]info	listando todas las tareas
[Jun-11-2023 18:42:05]info	 Tarea eliminada correctamente
[Jun-11-2023 18:42:05]info	listando todas las tareas
[Jun-11-2023 18:42:07]info	 Tarea eliminada correctamente
[Jun-11-2023 18:42:07]info	listando todas las tareas
[Jun-11-2023 18:49:55]info	listando todas las tareas
[Jun-11-2023 19:00:25]info	 SingleQuickNotes ™ 
[Jun-11-2023 19:00:30]info	listando todas las tareas
[Jun-11-2023 19:40:01]info	 SingleQuickNotes ™ 
[Jun-11-2023 19:40:23]info	 SingleQuickNotes ™ 
[Jun-11-2023 19:46:52]info	 SingleQuickNotes ™ 
[Jun-11-2023 19:47:33]info	 SingleQuickNotes ™ 
[Jun-11-2023 19:47:43]info	 SingleQuickNotes ™ 
[Jun-11-2023 19:51:06]info	 SingleQuickNotes ™ 
[Jun-11-2023 21:04:27]info	listando todas las tareas
[Jun-12-2023 15:05:40]info	 SingleQuickNotes ™ 
[Jun-12-2023 15:05:56]info	Tarea creada correctamente
[Jun-12-2023 15:06:02]info	listando todas las tareas
[Jun-12-2023 15:06:07]info	Tarea leida correctamente
[Jun-12-2023 15:06:12]info	Tarea actualizada correctamente
[Jun-12-2023 15:08:27]info	 SingleQuickNotes ™ 
[Jun-12-2023 17:43:15]info	listando todas las tareas
[Jun-12-2023 18:01:11]info	listando todas las tareas
[Jun-12-2023 18:01:26]info	 Tarea eliminada correctamente
[Jun-12-2023 18:01:26]info	listando todas las tareas
[Jun-12-2023 18:01:56]info	Tarea leida correctamente
[Jun-12-2023 18:02:00]info	listando todas las tareas
[Jun-12-2023 18:02:41]info	 SingleQuickNotes ™ 
[Jun-12-2023 18:02:43]info	listando todas las tareas
[Jun-12-2023 18:03:08]info	listando todas las tareas
[Jun-12-2023 18:07:32]info	Tarea leida correctamente
[Jun-12-2023 18:07:41]info	Tarea actualizada correctamente
[Jun-12-2023 18:07:41]info	listando todas las tareas
[Jun-12-2023 18:08:01]info	Tarea creada correctamente
[Jun-12-2023 18:08:01]info	listando todas las tareas
[Jun-12-2023 18:08:29]info	Tarea creada correctamente
[Jun-12-2023 18:08:29]info	listando todas las tareas
[Jun-12-2023 18:08:33]info	 Tarea eliminada correctamente
[Jun-12-2023 18:08:33]info	listando todas las tareas
[Jun-12-2023 18:08:53]info	listando todas las tareas
[Jun-12-2023 18:12:55]info	Tarea creada correctamente
[Jun-12-2023 18:12:55]info	listando todas las tareas
[Jun-12-2023 18:13:00]info	Tarea leida correctamente
[Jun-12-2023 18:13:08]info	Tarea actualizada correctamente
[Jun-12-2023 18:13:08]info	listando todas las tareas
[Jun-12-2023 18:13:40]info	Tarea creada correctamente
[Jun-12-2023 18:13:40]info	listando todas las tareas
[Jun-12-2023 18:13:58]info	Tarea creada correctamente
[Jun-12-2023 18:13:58]info	listando todas las tareas
[Jun-12-2023 18:14:44]info	Tarea creada correctamente
[Jun-12-2023 18:14:44]info	listando todas las tareas
[Jun-12-2023 18:20:13]info	 Tarea eliminada correctamente
[Jun-12-2023 18:20:13]info	listando todas las tareas
[Jun-12-2023 18:20:14]info	 Tarea eliminada correctamente
[Jun-12-2023 18:20:14]info	listando todas las tareas
[Jun-12-2023 18:20:15]info	 Tarea eliminada correctamente
[Jun-12-2023 18:20:15]info	listando todas las tareas
[Jun-12-2023 18:20:16]info	 Tarea eliminada correctamente
[Jun-12-2023 18:20:16]info	listando todas las tareas
[Jun-12-2023 18:20:16]info	 Tarea eliminada correctamente
[Jun-12-2023 18:20:16]info	listando todas las tareas
[Jun-12-2023 18:20:17]info	 Tarea eliminada correctamente
[Jun-12-2023 18:20:17]info	listando todas las tareas
[Jun-12-2023 18:55:08]info	Tarea creada correctamente
[Jun-12-2023 18:55:08]info	listando todas las tareas
[Jun-12-2023 18:55:11]info	Tarea leida correctamente
[Jun-12-2023 18:55:15]info	Tarea actualizada correctamente
[Jun-12-2023 18:55:15]info	listando todas las tareas
[Jun-12-2023 18:55:36]info	Tarea creada correctamente
[Jun-12-2023 18:55:36]info	listando todas las tareas
[Jun-12-2023 18:56:08]info	listando todas las tareas
[Jun-12-2023 18:56:10]info	 Tarea eliminada correctamente
[Jun-12-2023 18:56:10]info	listando todas las tareas
[Jun-12-2023 18:56:10]info	 Tarea eliminada correctamente
[Jun-12-2023 18:56:10]info	listando todas las tareas
[Jun-12-2023 18:59:07]info	Tarea creada correctamente
[Jun-12-2023 18:59:07]info	listando todas las tareas
[Jun-12-2023 18:59:11]info	Tarea leida correctamente
[Jun-12-2023 18:59:15]info	Tarea actualizada correctamente
[Jun-12-2023 18:59:15]info	listando todas las tareas
[Jun-12-2023 18:59:56]info	Tarea creada correctamente
[Jun-12-2023 18:59:56]info	listando todas las tareas
[Jun-12-2023 19:01:04]info	Tarea creada correctamente
[Jun-12-2023 19:01:04]info	listando todas las tareas
[Jun-12-2023 19:02:49]info	Tarea creada correctamente
[Jun-12-2023 19:02:49]info	listando todas las tareas
[Jun-12-2023 19:03:00]info	Tarea leida correctamente
[Jun-12-2023 19:03:08]info	Tarea actualizada correctamente
[Jun-12-2023 19:03:08]info	listando todas las tareas
[Jun-12-2023 19:03:13]info	Tarea leida correctamente
[Jun-12-2023 19:03:18]info	Tarea actualizada correctamente
[Jun-12-2023 19:03:18]info	listando todas las tareas
[Jun-12-2023 19:03:46]info	listando todas las tareas
[Jun-12-2023 19:12:42]info	listando todas las tareas
[Jun-12-2023 19:12:44]info	 Tarea eliminada correctamente
[Jun-12-2023 19:12:45]info	listando todas las tareas
[Jun-12-2023 19:12:46]info	 Tarea eliminada correctamente
[Jun-12-2023 19:12:46]info	listando todas las tareas
[Jun-12-2023 19:12:46]info	 Tarea eliminada correctamente
[Jun-12-2023 19:12:46]info	listando todas las tareas
[Jun-12-2023 19:12:47]info	 Tarea eliminada correctamente
[Jun-12-2023 19:12:47]info	listando todas las tareas
[Jun-12-2023 19:58:08]info	listando todas las tareas
[Jun-12-2023 19:59:12]info	listando todas las tareas
[Jun-12-2023 19:59:43]info	listando todas las tareas
[Jun-12-2023 19:59:49]info	listando todas las tareas
[Jun-12-2023 20:00:27]info	Tarea creada correctamente
[Jun-12-2023 20:00:27]info	listando todas las tareas
[Jun-12-2023 20:01:09]info	Tarea creada correctamente
[Jun-12-2023 20:01:09]info	listando todas las tareas
[Jun-12-2023 20:01:34]info	Tarea creada correctamente
[Jun-12-2023 20:01:34]info	listando todas las tareas
[Jun-12-2023 20:02:00]info	Tarea creada correctamente
[Jun-12-2023 20:02:01]info	listando todas las tareas
[Jun-12-2023 20:02:05]info	Tarea leida correctamente
[Jun-12-2023 20:02:30]info	Tarea actualizada correctamente
[Jun-12-2023 20:02:30]info	listando todas las tareas
[Jun-12-2023 20:03:07]info	Tarea creada correctamente
[Jun-12-2023 20:03:07]info	listando todas las tareas
[Jun-12-2023 20:03:31]info	Tarea leida correctamente
[Jun-12-2023 20:03:35]info	Tarea actualizada correctamente
[Jun-12-2023 20:03:35]info	listando todas las tareas
[Jun-12-2023 20:03:39]info	Tarea leida correctamente
[Jun-12-2023 20:03:43]info	Tarea actualizada correctamente
[Jun-12-2023 20:03:43]info	listando todas las tareas
[Jun-12-2023 20:03:47]info	Tarea leida correctamente
[Jun-12-2023 20:03:54]info	Tarea actualizada correctamente
[Jun-12-2023 20:03:54]info	listando todas las tareas
[Jun-12-2023 20:04:00]info	Tarea leida correctamente
[Jun-12-2023 20:04:05]info	Tarea actualizada correctamente
[Jun-12-2023 20:04:05]info	listando todas las tareas
[Jun-12-2023 20:04:17]info	listando todas las tareas
[Jun-12-2023 21:10:40]info	listando todas las tareas
[Jun-12-2023 21:11:23]info	 Tarea eliminada correctamente
[Jun-12-2023 21:11:23]info	listando todas las tareas
[Jun-12-2023 21:11:23]info	 Tarea eliminada correctamente
[Jun-12-2023 21:11:23]info	listando todas las tareas
[Jun-12-2023 21:11:24]info	 Tarea eliminada correctamente
[Jun-12-2023 21:11:24]info	listando todas las tareas
[Jun-12-2023 21:11:24]info	 Tarea eliminada correctamente
[Jun-12-2023 21:11:24]info	listando todas las tareas
[Jun-12-2023 21:11:25]info	 Tarea eliminada correctamente
[Jun-12-2023 21:11:25]info	listando todas las tareas
[Jun-12-2023 21:11:32]info	listando todas las tareas
[Jun-12-2023 23:13:04]info	 SingleQuickNotes ™ 
[Jun-12-2023 23:13:32]info	listando todas las tareas
[Jun-12-2023 23:13:44]info	Tarea creada correctamente
[Jun-12-2023 23:13:45]info	listando todas las tareas
[Jun-12-2023 23:13:52]info	Tarea creada correctamente
[Jun-12-2023 23:13:52]info	listando todas las tareas
[Jun-12-2023 23:14:05]info	 SingleQuickNotes ™ 
[Jun-12-2023 23:14:09]info	listando todas las tareas
[Jun-12-2023 23:14:10]info	listando todas las tareas
[Jun-12-2023 23:14:15]info	listando todas las tareas
[Jun-16-2023 11:00:55]info	 SingleQuickNotes ™ 
[Jun-16-2023 11:01:19]info	listando todas las tareas
[Jun-16-2023 11:03:17]info	Tarea creada correctamente
[Jun-16-2023 11:03:18]info	listando todas las tareas
[Jun-16-2023 11:03:20]info	Tarea leida correctamente
[Jun-16-2023 11:03:22]info	Tarea actualizada correctamente
[Jun-16-2023 11:03:22]info	listando todas las tareas
